SF:lib\entities\post\post_entity.g.dart
DA:13,0
DA:15,0
DA:16,0
DA:17,0
DA:19,0
DA:20,0
DA:21,0
DA:22,0
DA:23,0
DA:27,0
DA:30,0
DA:31,0
DA:32,0
DA:33,0
DA:34,0
DA:35,0
DA:36,0
DA:37,0
DA:38,0
DA:41,0
DA:42,0
DA:44,0
DA:47,0
DA:48,0
DA:49,0
DA:56,2
DA:57,2
DA:58,2
DA:59,2
DA:60,2
DA:61,2
DA:64,1
DA:65,1
DA:66,1
DA:67,1
DA:68,1
DA:69,1
LF:37
LH:12
end_of_record
SF:lib\entities\post\post_entity.dart
DA:9,3
DA:19,4
LF:2
LH:2
end_of_record
SF:lib\entities\user\user_entity.g.dart
DA:13,0
DA:15,0
DA:16,0
DA:17,0
DA:19,0
DA:20,0
DA:21,0
DA:22,0
DA:23,0
DA:24,0
DA:25,0
DA:26,0
DA:30,0
DA:33,0
DA:34,0
DA:35,0
DA:36,0
DA:37,0
DA:38,0
DA:39,0
DA:40,0
DA:41,0
DA:42,0
DA:43,0
DA:44,0
DA:45,0
DA:46,0
DA:47,0
DA:50,0
DA:51,0
DA:53,0
DA:56,0
DA:57,0
DA:58,0
DA:65,2
DA:66,2
DA:67,2
DA:68,2
DA:69,2
DA:70,2
DA:71,2
DA:72,2
DA:73,2
DA:76,1
DA:77,1
DA:78,1
DA:79,1
DA:80,1
DA:81,1
DA:82,1
DA:83,1
DA:84,1
LF:52
LH:18
end_of_record
SF:lib\entities\user\user_entity.dart
DA:9,3
DA:22,4
LF:2
LH:2
end_of_record
SF:lib\mappers\post_mapper.dart
DA:6,0
DA:7,0
DA:8,0
DA:9,0
DA:10,0
DA:11,0
DA:15,2
DA:16,2
DA:17,2
DA:18,2
DA:19,2
DA:20,2
LF:12
LH:6
end_of_record
SF:lib\mappers\user_mapper.dart
DA:6,0
DA:7,0
DA:8,0
DA:9,0
DA:10,0
DA:11,0
DA:12,0
DA:13,0
DA:14,0
DA:18,2
DA:19,2
DA:20,2
DA:21,2
DA:22,2
DA:23,2
DA:24,2
DA:25,2
DA:26,2
LF:18
LH:9
end_of_record
SF:lib\di\data_di.dart
DA:12,0
DA:15,0
DA:16,0
DA:19,0
DA:20,0
DA:23,0
DA:26,0
DA:28,0
DA:29,0
DA:30,0
DA:31,0
DA:32,0
DA:36,0
DA:37,0
DA:38,0
DA:39,0
DA:40,0
DA:44,0
DA:45,0
DA:46,0
DA:50,0
DA:51,0
DA:52,0
DA:56,0
DA:57,0
DA:58,0
DA:62,0
DA:63,0
DA:64,0
DA:68,0
DA:69,0
DA:70,0
DA:74,0
DA:75,0
DA:78,0
DA:79,0
LF:36
LH:0
end_of_record
SF:lib\providers\remote_users_provider.g.dart
DA:12,1
DA:16,1
DA:23,1
DA:26,1
DA:27,1
DA:29,1
DA:30,3
DA:35,1
DA:36,2
DA:41,1
DA:42,1
DA:43,3
DA:44,1
DA:46,1
DA:47,3
DA:48,1
DA:52,1
DA:55,1
DA:56,1
DA:58,1
DA:59,3
DA:64,1
DA:65,2
DA:66,1
DA:70,1
DA:71,1
DA:72,3
DA:73,1
DA:75,1
DA:76,3
DA:77,1
DA:81,1
DA:84,1
DA:85,1
DA:87,1
DA:88,3
DA:93,1
DA:94,2
DA:95,1
DA:99,1
DA:100,1
DA:101,3
DA:102,1
DA:104,1
DA:105,3
DA:106,1
DA:110,1
DA:111,1
DA:112,2
DA:113,2
DA:114,1
DA:115,0
DA:117,1
DA:123,1
DA:127,2
DA:131,1
DA:133,1
DA:134,1
DA:137,0
LF:59
LH:57
end_of_record
SF:lib\repositories\posts_repository_impl.dart
DA:14,1
DA:20,1
DA:22,2
DA:23,4
DA:24,6
DA:25,4
DA:27,0
LF:7
LH:6
end_of_record
SF:lib\repositories\users_repository_impl.dart
DA:15,1
DA:21,1
DA:23,2
DA:24,4
DA:25,6
DA:26,4
DA:28,0
DA:32,1
DA:34,2
DA:35,4
DA:36,5
DA:37,6
DA:38,4
DA:40,0
LF:14
LH:12
end_of_record
SF:lib\errors\error_handler.dart
DA:5,2
DA:9,0
DA:13,0
DA:17,0
DA:21,0
DA:22,0
DA:23,0
DA:25,0
DA:27,0
DA:29,0
DA:30,0
DA:33,0
DA:34,0
DA:37,0
DA:38,0
DA:42,0
DA:45,0
LF:17
LH:1
end_of_record
SF:lib\providers\local_provider.dart
DA:14,0
DA:16,0
DA:17,0
DA:38,0
DA:39,0
DA:41,0
DA:43,0
DA:44,0
DA:46,0
DA:50,0
DA:52,0
DA:53,0
DA:54,0
DA:55,0
DA:56,0
DA:59,0
DA:60,0
DA:63,0
DA:64,0
DA:66,0
DA:68,0
DA:69,0
DA:71,0
LF:23
LH:0
end_of_record
SF:lib\providers\remote_posts_provider.g.dart
DA:12,1
DA:16,1
DA:23,1
DA:26,1
DA:27,1
DA:29,1
DA:30,3
DA:35,1
DA:36,2
DA:37,1
DA:41,1
DA:42,1
DA:43,3
DA:44,1
DA:46,1
DA:47,3
DA:48,1
DA:52,1
DA:53,1
DA:54,2
DA:55,2
DA:56,1
DA:57,0
DA:59,1
DA:65,1
DA:69,2
DA:73,1
DA:75,1
DA:76,1
DA:79,0
LF:30
LH:28
end_of_record
